<?xml version="1.0" encoding="UTF-8"?>
<testsuite xmlns:xsi="http://www.w3.org/2001/XMLSchema-instance" xsi:noNamespaceSchemaLocation="https://maven.apache.org/surefire/maven-surefire-plugin/xsd/surefire-test-report.xsd" version="3.0.2" name="com.logpipeline.service.AlertRoutingServiceTest" time="5.41" tests="7" errors="0" skipped="0" failures="0">
  <properties>
[...]
</properties>
  <testcase name="route_emptyChannelList_noException" classname="com.logpipeline.service.AlertRoutingServiceTest" time="4.709">
    <system-out><![CDATA[19:54:17.511 [main] INFO com.logpipeline.service.AlertRoutingService -- Alert routing initialised with 0 channel(s): []
19:54:17.521 [main] INFO com.logpipeline.service.AlertRoutingService -- Routing anomaly [anomalyId=18666dd1-7fd5-4c1e-9c4f-bc6578fb4b12, serviceId=test-service, severity=HIGH] to 0 channel(s)
]]></system-out>
    <system-err><![CDATA[WARNING: A Java agent has been loaded dynamically (C:\Users\Kaushik\.m2\repository\net\bytebuddy\byte-buddy-agent\1.14.13\byte-buddy-agent-1.14.13.jar)
WARNING: If a serviceability tool is in use, please run with -XX:+EnableDynamicAgentLoading to hide this warning
WARNING: If a serviceability tool is not in use, please run with -Djdk.instrument.traceUsage for more information
WARNING: Dynamic loading of agents will be disallowed by default in a future release
]]></system-err>
  </testcase>
  <testcase name="route_singleChannel_deliveredOnce" classname="com.logpipeline.service.AlertRoutingServiceTest" time="0.163">
    <system-out><![CDATA[19:54:17.770 [main] INFO com.logpipeline.service.AlertRoutingService -- Alert routing initialised with 1 channel(s): [a]
19:54:17.770 [main] INFO com.logpipeline.service.AlertRoutingService -- Routing anomaly [anomalyId=9cf3f00f-9532-4008-b99f-bc7d7025d758, serviceId=test-service, severity=HIGH] to 1 channel(s)
]]></system-out>
  </testcase>
  <testcase name="route_oneChannelThrows_otherChannelsStillReceive" classname="com.logpipeline.service.AlertRoutingServiceTest" time="0.077">
    <system-out><![CDATA[19:54:17.855 [main] INFO com.logpipeline.service.AlertRoutingService -- Alert routing initialised with 3 channel(s): [a, b, c]
19:54:17.869 [main] INFO com.logpipeline.service.AlertRoutingService -- Routing anomaly [anomalyId=a97fb163-8ec3-49f7-b383-635c9478a700, serviceId=test-service, severity=HIGH] to 3 channel(s)
19:54:17.869 [main] ERROR com.logpipeline.service.AlertRoutingService -- Channel 'b' failed to deliver alert [anomalyId=a97fb163-8ec3-49f7-b383-635c9478a700]: channel B exploded
]]></system-out>
  </testcase>
  <testcase name="route_allChannelsReceiveSameEvent" classname="com.logpipeline.service.AlertRoutingServiceTest" time="0.039">
    <system-out><![CDATA[19:54:17.915 [main] INFO com.logpipeline.service.AlertRoutingService -- Alert routing initialised with 2 channel(s): [a, b]
19:54:17.915 [main] INFO com.logpipeline.service.AlertRoutingService -- Routing anomaly [anomalyId=02b578e1-ff0a-4341-88c4-5d81302370ac, serviceId=test-service, severity=HIGH] to 2 channel(s)
]]></system-out>
  </testcase>
  <testcase name="route_sendsToAllChannels" classname="com.logpipeline.service.AlertRoutingServiceTest" time="0.08">
    <system-out><![CDATA[19:54:17.990 [main] INFO com.logpipeline.service.AlertRoutingService -- Alert routing initialised with 2 channel(s): [a, b]
19:54:17.993 [main] INFO com.logpipeline.service.AlertRoutingService -- Routing anomaly [anomalyId=63ca7612-db45-49a8-8c17-500bea71a98b, serviceId=test-service, severity=HIGH] to 2 channel(s)
]]></system-out>
  </testcase>
  <testcase name="route_calledMultipleTimes_eachDeliveredSeparately" classname="com.logpipeline.service.AlertRoutingServiceTest" time="0.029">
    <system-out><![CDATA[19:54:18.046 [main] INFO com.logpipeline.service.AlertRoutingService -- Alert routing initialised with 1 channel(s): [a]
19:54:18.049 [main] INFO com.logpipeline.service.AlertRoutingService -- Routing anomaly [anomalyId=cd01a45b-a514-4573-a622-6add00c94eae, serviceId=test-service, severity=HIGH] to 1 channel(s)
19:54:18.050 [main] INFO com.logpipeline.service.AlertRoutingService -- Routing anomaly [anomalyId=4c7b2c6f-b378-4079-bb9a-98a8076bc0a5, serviceId=test-service, severity=HIGH] to 1 channel(s)
19:54:18.051 [main] INFO com.logpipeline.service.AlertRoutingService -- Routing anomaly [anomalyId=21137a31-de71-4362-9259-40790211a9af, serviceId=test-service, severity=HIGH] to 1 channel(s)
]]></system-out>
  </testcase>
  <testcase name="route_allChannelsThrow_noExceptionEscapes" classname="com.logpipeline.service.AlertRoutingServiceTest" time="0.037">
    <system-out><![CDATA[19:54:18.091 [main] INFO com.logpipeline.service.AlertRoutingService -- Alert routing initialised with 2 channel(s): [a, b]
19:54:18.094 [main] INFO com.logpipeline.service.AlertRoutingService -- Routing anomaly [anomalyId=8df8c280-c239-4148-8538-013207867317, serviceId=test-service, severity=HIGH] to 2 channel(s)
19:54:18.097 [main] ERROR com.logpipeline.service.AlertRoutingService -- Channel 'a' failed to deliver alert [anomalyId=8df8c280-c239-4148-8538-013207867317]: fail
19:54:18.104 [main] ERROR com.logpipeline.service.AlertRoutingService -- Channel 'b' failed to deliver alert [anomalyId=8df8c280-c239-4148-8538-013207867317]: fail
]]></system-out>
  </testcase>
</testsuite>